<?xml version="1.0" encoding="UTF-8"?>
<testsuite xmlns:xsi="http://www.w3.org/2001/XMLSchema-instance" xsi:noNamespaceSchemaLocation="https://maven.apache.org/surefire/maven-surefire-plugin/xsd/surefire-test-report.xsd" name="testrunner.TestRunner" time="0.092" tests="1" errors="1" skipped="0" failures="0">
  <properties>
[...]
</properties>
  <testcase name="initializationError" classname="testrunner.TestRunner" time="0.007">
    <error message="path must exist: /home/gudduboi/eclipse-workspace/ServiceNowPOC/src/test/resources/features" type="java.lang.IllegalArgumentException">java.lang.IllegalArgumentException: path must exist: /home/gudduboi/eclipse-workspace/ServiceNowPOC/src/test/resources/features
</error>
  </testcase>
</testsuite>